{
  "stats": {
    "suites": 1,
    "tests": 1,
    "passes": 1,
    "pending": 0,
    "failures": 0,
    "start": "2021-12-18T16:55:44.045Z",
    "end": "2021-12-18T16:56:18.725Z",
    "duration": 34680,
    "testsRegistered": 1,
    "passPercent": 100,
    "pendingPercent": 0,
    "other": 0,
    "hasOther": false,
    "skipped": 0,
    "hasSkipped": false
  },
  "results": [
    {
      "uuid": "83941285-8de5-41cf-b00e-1802ccfd5c90",
      "title": "",
      "fullFile": "cypress/integration/project/cucumberFeatures/creationDeBugs.feature",
      "file": "cypress/integration/project/cucumberFeatures/creationDeBugs.feature",
      "beforeHooks": [],
      "afterHooks": [],
      "tests": [],
      "suites": [
        {
          "uuid": "5d5d4a4c-cada-4c4f-b1e9-87c55ab9da32",
          "title": "As a user I want connect herokuapp todesbugs website",
          "fullFile": "",
          "file": "",
          "beforeHooks": [],
          "afterHooks": [],
          "tests": [
            {
              "title": "As a user i want to connect to herokuapp (example #1)",
              "fullTitle": "As a user I want connect herokuapp todesbugs website As a user i want to connect to herokuapp (example #1)",
              "timedOut": null,
              "duration": 34387,
              "state": "passed",
              "speed": "slow",
              "pass": true,
              "fail": false,
              "pending": false,
              "context": null,
              "code": "const state = window.testState;\nreturn cy\n  .then(() => state.onStartScenario(scenario, indexedSteps))\n  .then(() =>\n    resolveAndRunBeforeHooks.call(this, scenario.tags, state.feature.name)\n  )\n  .then(() =>\n    indexedSteps.forEach((step) =>\n      stepTest.call(this, state, step, rowData)\n    )\n  )\n  .then(() => state.onFinishScenario(scenario));",
              "err": {},
              "uuid": "d6607fc9-ff46-4656-9ed9-4d4d02c1f679",
              "parentUUID": "5d5d4a4c-cada-4c4f-b1e9-87c55ab9da32",
              "isHook": false,
              "skipped": false
            }
          ],
          "suites": [],
          "passes": [
            "d6607fc9-ff46-4656-9ed9-4d4d02c1f679"
          ],
          "failures": [],
          "pending": [],
          "skipped": [],
          "duration": 34387,
          "root": false,
          "rootEmpty": false,
          "_timeout": 2000
        }
      ],
      "passes": [],
      "failures": [],
      "pending": [],
      "skipped": [],
      "duration": 0,
      "root": true,
      "rootEmpty": true,
      "_timeout": 2000
    }
  ],
  "meta": {
    "mocha": {
      "version": "7.0.1"
    },
    "mochawesome": {
      "options": {
        "quiet": false,
        "reportFilename": "mochawesome",
        "saveHtml": true,
        "saveJson": true,
        "consoleReporter": "spec",
        "useInlineDiffs": false,
        "code": true
      },
      "version": "7.0.1"
    },
    "marge": {
      "options": {
        "reportDir": "target/reports/mochawesome-report",
        "overwrite": true,
        "html": true,
        "json": true,
        "timestamp": "dd/mm/yyyy_HH-MM-ss"
      },
      "version": "6.0.1"
    }
  }
}